  main.cpp
e:\study\十大排序算法\十大排序算法\main.cpp(17): warning C4018: “<”: 有符号/无符号不匹配
  sort.cpp
e:\study\十大排序算法\十大排序算法\sort.cpp(6): warning C4018: “<”: 有符号/无符号不匹配
e:\study\十大排序算法\十大排序算法\sort.cpp(8): warning C4018: “<”: 有符号/无符号不匹配
e:\study\十大排序算法\十大排序算法\sort.cpp(26): warning C4018: “<”: 有符号/无符号不匹配
e:\study\十大排序算法\十大排序算法\sort.cpp(68): warning C4018: “<”: 有符号/无符号不匹配
e:\study\十大排序算法\十大排序算法\sort.cpp(70): warning C4018: “<”: 有符号/无符号不匹配
e:\study\十大排序算法\十大排序算法\sort.cpp(85): warning C4018: “<”: 有符号/无符号不匹配
e:\study\十大排序算法\十大排序算法\sort.cpp(124): warning C4018: “<”: 有符号/无符号不匹配
e:\study\十大排序算法\十大排序算法\sort.cpp(130): warning C4018: “<”: 有符号/无符号不匹配
e:\study\十大排序算法\十大排序算法\sort.cpp(139): warning C4018: “<”: 有符号/无符号不匹配
e:\study\十大排序算法\十大排序算法\sort.cpp(198): warning C4018: “<”: 有符号/无符号不匹配
e:\study\十大排序算法\十大排序算法\sort.cpp(205): warning C4018: “<”: 有符号/无符号不匹配
e:\study\十大排序算法\十大排序算法\sort.cpp(222): warning C4018: “<”: 有符号/无符号不匹配
e:\study\十大排序算法\十大排序算法\sort.cpp(232): warning C4018: “<”: 有符号/无符号不匹配
e:\study\十大排序算法\十大排序算法\sort.cpp(248): warning C4018: “<”: 有符号/无符号不匹配
e:\study\十大排序算法\十大排序算法\sort.cpp(259): warning C4018: “<”: 有符号/无符号不匹配
  正在生成代码...
  十大排序算法.vcxproj -> E:\study\十大排序算法\Debug\十大排序算法.exe
